C51 COMPILER V9.01   FANDEMO                                                               12/13/2016 21:21:07 PAGE 1   


C51 COMPILER V9.01, COMPILATION OF MODULE FANDEMO
OBJECT MODULE PLACED IN FanDemo.OBJ
COMPILER INVOKED BY: D:\Keil\C51\BIN\C51.EXE FanDemo.c BROWSE DEBUG OBJECTEXTEND

line level    source

   1          #include<reg52.h>
   2          #include<intrins.h>
   3          #define uint unsigned int
   4          #define uchar unsigned char
   5          
   6          sbit key_1=P2^3;  
   7          sbit key_2=P2^2;
   8          sbit key_3=P2^1;
   9          sbit key_4=P2^0;
  10          
  11          sbit DS=P2^7; 
  12          sbit mos=P3^3;
  13          sbit LM358=P2^6;
  14          
  15          uint num_0,round_t,temp,time_num;  //temp温度传感器部分变量     a蓝牙模块变量
  16          float t;  //温度
  17          uint pp,il;
  18          uint STANDBY;
  19          
  20          int code num[]={
  21                  0xa0,0xbb,0x62,0x2a,0x39,0x2c,0x24,0xba,0x20,0x28,0xff  //数字0-9       
  22          };
  23          int code num_point[]={
  24                  0x80,0x9b,0x42,0x0a,0x19,0x0c,0x04,0x9a,0x00,0x08,0x7f  //数字0.-9.和-
  25          };
  26          int code WELA[]={
  27                  0xfe,0xfd,0xfb,0xf7
  28          };
  29          
  30          /*********蓝牙板块********/
  31          //未完成
  32          /********蓝牙分割线*******/
  33          
  34          /***********温度传感器*********/
  35          void delay(uint count)      //delay
  36          {
  37   1        uint i;
  38   1        while(count)
  39   1        {
  40   2          i=200;
  41   2          while(i>0)
  42   2          i--;
  43   2          count--;
  44   2        }
  45   1      }
  46          void dsreset(void)       //send reset and initialization command
  47          {
  48   1        uint i;
  49   1        DS=0;
  50   1        i=103;
  51   1        while(i>0)i--;
  52   1        DS=1;
  53   1        i=4;
  54   1        while(i>0)i--;
  55   1      }
C51 COMPILER V9.01   FANDEMO                                                               12/13/2016 21:21:07 PAGE 2   

  56          
  57          bit tmpreadbit(void)       //read a bit
  58          {
  59   1         uint i;
  60   1         bit dat;
  61   1         DS=0;i++;          //i++ for delay
  62   1         DS=1;i++;i++;
  63   1         dat=DS;
  64   1         i=8;while(i>0)i--;
  65   1         return (dat);
  66   1      }
  67          
  68          uchar tmpread(void)   //read a byte date
  69          {
  70   1        uchar i,j,dat;
  71   1        dat=0;
  72   1        for(i=1;i<=8;i++)
  73   1        {
  74   2          j=tmpreadbit();
  75   2          dat=(j<<7)|(dat>>1);   //读出的数据最低位在最前面，这样刚好一个字节在DAT里
  76   2        }
  77   1        return(dat);
  78   1      }
  79          
  80          void tmpwritebyte(uchar dat)   //write a byte to ds18b20
  81          {
  82   1        uint i;
  83   1        uchar j;
  84   1        bit testb;
  85   1        for(j=1;j<=8;j++)
  86   1        {
  87   2          testb=dat&0x01;
  88   2          dat=dat>>1;
  89   2          if(testb)     //write 1
  90   2          {
  91   3            DS=0;
  92   3            i++;i++;
  93   3            DS=1;
  94   3            i=8;while(i>0)i--;
  95   3          }
  96   2          else
  97   2          {
  98   3            DS=0;       //write 0
  99   3            i=8;while(i>0)i--;
 100   3            DS=1;
 101   3            i++;i++;
 102   3          }
 103   2      
 104   2        }
 105   1      }
 106          
 107          void tmpchange(void)  //DS18B20 begin change
 108          {
 109   1        dsreset();
 110   1        delay(1);
 111   1        tmpwritebyte(0xcc);  // address all drivers on bus
 112   1        tmpwritebyte(0x44);  //  initiates a single temperature conversion
 113   1      }
 114          
 115          float tmp()               //get the temperature
 116          {
 117   1        float tt;
C51 COMPILER V9.01   FANDEMO                                                               12/13/2016 21:21:07 PAGE 3   

 118   1        uchar a,b;
 119   1        dsreset();
 120   1        delay(1);
 121   1        tmpwritebyte(0xcc);
 122   1        tmpwritebyte(0xbe);
 123   1        a=tmpread();
 124   1        b=tmpread();
 125   1        temp=b;
 126   1        temp<<=8;             //two byte  compose a int variable
 127   1        temp=temp|a;
 128   1        tt=temp*0.0625;
 129   1      //  temp=tt*10+0.5;
 130   1        return tt;
 131   1      }
 132          /*********温度传感器分隔线*********/
 133          
 134          
 135          /**
 136          * 1ms/单位 延迟
 137          *uint t --->>单位大小
 138          */
 139          void delayms(uint t){
 140   1              uint i,j;
 141   1              for(i=0;i<t;i++)
 142   1                      for(j=0;j<120;j++);
 143   1      }
 144          //自检
 145          void self_check(){
 146   1              //从0-9依次点亮 
 147   1              P1=0x00;
 148   1              P0=0x00;
 149   1              delayms(1000);  
 150   1      }
 151          //显示选择时间
 152          void display_time(uint time){
 153   1              uint bai,shi,ge,i;
 154   1              uint tp[3];
 155   1      
 156   1              if(time>=100){
 157   2                      bai=time/100;
 158   2                      shi=(time-bai*100)/10;
 159   2                      ge=time%10;
 160   2              }else if(time>=10&&time<100){
 161   2                      bai=10;
 162   2                      shi=time/10;
 163   2                      ge=time%10;
 164   2              }else if(time>=0&&time<10){
 165   2                      bai=10;
 166   2                      shi=10;
 167   2                      ge=time;
 168   2              }
 169   1      
 170   1              tp[0]=num[bai];
 171   1              tp[1]=num[shi];
 172   1              tp[2]=num[ge];
 173   1      
 174   1              for(i=0;i<3;i++){
 175   2                      P1=0xff;
 176   2                      P0=0xff;
 177   2      
 178   2                      P1=WELA[1+i];
 179   2                      P0=tp[i];
C51 COMPILER V9.01   FANDEMO                                                               12/13/2016 21:21:07 PAGE 4   

 180   2                      delayms(1);
 181   2      
 182   2                      P1=0xff;
 183   2                      P0=0xff;
 184   2              }
 185   1      }
 186          //动态显示温度
 187          void display_num1(float tp){
 188   1              uint x,shi,ge,d,i,t[3];  
 189   1              
 190   1              x=(int)tp;
 191   1              shi=x/10;
 192   1              ge=x%10;
 193   1              d=(tp-x)*10;
 194   1              
 195   1              t[0]=num[shi];
 196   1              t[1]=num_point[ge];
 197   1              t[2]=num[d];
 198   1      
 199   1              ET0=0;
 200   1              for(i=0;i<3;i++){
 201   2                      P1=0xff;
 202   2                      P0=0xff;
 203   2      
 204   2                      P1=WELA[i];
 205   2                      P0=t[i];
 206   2                      delayms(1);
 207   2      
 208   2                      P1=0xff;
 209   2                      P0=0xff;
 210   2              }
 211   1              ET0=1;
 212   1      }
 213          
 214          
 215          //动态显示转速
 216          void display_round(uint pp){
 217   1              uint round;
 218   1              uint qian,bai,shi,ge,i;
 219   1              uint r[4];
 220   1              round=pp*600;
 221   1      
 222   1              if(round>1000){
 223   2                      qian=round/1000;
 224   2                      bai=(round-qian*1000)/100;
 225   2                      shi=(round-qian*1000-bai*100)/10;
 226   2                      ge=round%10;
 227   2              }else{
 228   2                      qian=10;
 229   2                      bai=round/100;
 230   2                      shi=(round-bai*100)/10;
 231   2                      ge=round%10;
 232   2              }
 233   1      
 234   1              r[0]=num[qian];
 235   1              r[1]=num[bai];
 236   1              r[2]=num[shi];
 237   1              r[3]=num[ge];
 238   1      
 239   1              round_t=0;
 240   1      
 241   1      
C51 COMPILER V9.01   FANDEMO                                                               12/13/2016 21:21:07 PAGE 5   

 242   1              while(round_t<20){
 243   2                      for(i=0;i<4;i++){
 244   3                              P1=0xff;
 245   3                              P0=0xff;
 246   3      
 247   3                              P1=WELA[i];
 248   3                              P0=r[i];
 249   3                              delayms(1);
 250   3      
 251   3                      }
 252   2      
 253   2                      if(num_0<pp){
 254   3                              mos=1;
 255   3                      }else{
 256   3                              mos=0;
 257   3                      }
 258   2              } 
 259   1      }
 260          
 261          /****扫描键盘选择******/
 262          uint scan_clock(){
 263   1              uint choose_1,choose_2,choose_3,choose_code;
 264   1              choose_code=0;
 265   1      
 266   1              choose_1=key_1;
 267   1              if(choose_1==0){
 268   2                      do{
 269   3                              choose_1=key_1;
 270   3                              display_time(time_num);
 271   3      
 272   3                              if(num_0<pp){
 273   4                                      mos=1;
 274   4                              }else{
 275   4                                      mos=0;
 276   4                              }
 277   3                      }while(choose_1==0);
 278   2                      //减时间
 279   2                      if(time_num>10){
 280   3                              time_num=time_num-10;
 281   3                      }
 282   2              }
 283   1              choose_2=key_2;
 284   1              if(choose_2==0){
 285   2                      do{
 286   3                              choose_2=key_2;
 287   3                              display_time(time_num);
 288   3      
 289   3                              if(num_0<pp){
 290   4                                      mos=1;
 291   4                              }else{
 292   4                                      mos=0;
 293   4                              }
 294   3                      }while(choose_2==0);
 295   2                      //加时间
 296   2                      if(time_num<1000){
 297   3                              time_num=time_num+10;
 298   3                      }
 299   2      
 300   2              }          
 301   1              choose_3=key_3;
 302   1              if(choose_3==0){
 303   2                      do{
C51 COMPILER V9.01   FANDEMO                                                               12/13/2016 21:21:07 PAGE 6   

 304   3                              choose_2=key_2;
 305   3                              display_time(time_num);
 306   3                      }while(choose_2==0);
 307   2                      //确认选择
 308   2                      choose_code=1;
 309   2              }
 310   1              return choose_code;
 311   1      }
 312          /*********智能*********/
 313          void intelligent(uint il){
 314   1              if(il==1){
 315   2                      if(t<15){
 316   3                              pp=0;
 317   3                      }else if(t<18&&t>=15){
 318   3                              pp=1;
 319   3                      }else if(t<21&&t>=18){
 320   3                              pp=3;
 321   3                      }else if(t<24&&t>=21){
 322   3                              pp=5;
 323   3                      }else if(t<27&&t>=24){
 324   3                              pp=7;
 325   3                      }else if(t<30&&t>=27){
 326   3                              pp=8;
 327   3                      }else if(t>=30){
 328   3                              pp=9;
 329   3                      }
 330   2              }
 331   1      }
 332          //定时
 333          void clock(uint time){
 334   1              uint temp_t;
 335   1              round_t=0;
 336   1              il=1;
 337   1                      
 338   1      
 339   1              while(round_t<=time){           
 340   2                      temp_t=(time-round_t)/10;
 341   2                      intelligent(il);
 342   2                      //倒计时
 343   2                      display_time(temp_t);
 344   2      
 345   2                      if(num_0<pp){
 346   3                              mos=1;
 347   3                      }else{
 348   3                              mos=0;
 349   3                      }
 350   2              }
 351   1              pp=0;
 352   1              il=0;
 353   1              STANDBY=1;
 354   1      }
 355          //选择定时
 356          void choose_clock(){
 357   1              uint choose=0,tim;
 358   1              do{
 359   2                      display_time(time_num);
 360   2                      choose=scan_clock();
 361   2      
 362   2                      if(num_0<pp){
 363   3                              mos=1;
 364   3                      }else{
 365   3                              mos=0;
C51 COMPILER V9.01   FANDEMO                                                               12/13/2016 21:21:07 PAGE 7   

 366   3                      }
 367   2              }while(choose==0);
 368   1              tim=time_num*10;
 369   1              clock(tim);
 370   1      }
 371          
 372          
 373          
 374          /******键盘扫描******/
 375          void scan_2(){
 376   1              uint scan_1,scan_2,scan_3,scan_4;
 377   1         
 378   1              scan_1=key_1;
 379   1              //减档
 380   1              if(scan_1==0){
 381   2                      delayms(5);
 382   2                      do{
 383   3                              scan_1=key_1;
 384   3                              display_num1(t);
 385   3      
 386   3                              if(num_0<pp){
 387   4                                      mos=1;
 388   4                              }else{
 389   4                                      mos=0;
 390   4                              }
 391   3                      }while(scan_1==0);
 392   2                      il=0;
 393   2                      if(pp!=0){
 394   3                              STANDBY=0;
 395   3      
 396   3                              if(pp>0&&pp<=3){
 397   4                                      pp=3;
 398   4                              }else if(pp>3&&pp<=6){
 399   4                                      pp=6;
 400   4                              }else if(pp>6&&pp<=10){
 401   4                                      pp=9;
 402   4                              }
 403   3                              pp=pp-3;
 404   3      
 405   3                      }else{
 406   3                              STANDBY=1;
 407   3                      }
 408   2              }  
 409   1              //加档
 410   1              scan_2=key_2;
 411   1              if(scan_2==0){
 412   2                      delayms(5);
 413   2                      do{
 414   3                              scan_2=key_2;
 415   3                              display_num1(t);
 416   3      
 417   3                              if(num_0<pp){
 418   4                                      mos=1;
 419   4                              }else{
 420   4                                      mos=0;
 421   4                              }
 422   3                      }while(scan_2==0);
 423   2                      il=0;
 424   2                      if(pp!=9){
 425   3                              if(pp>=0&&pp<3){
 426   4                                      pp=0;
 427   4                              }else if(pp>=3&&pp<6){
C51 COMPILER V9.01   FANDEMO                                                               12/13/2016 21:21:07 PAGE 8   

 428   4                                      pp=3;
 429   4                              }else if(pp>=6&&pp<10){
 430   4                                      pp=6;
 431   4                              }
 432   3                              pp=pp+3;
 433   3                              STANDBY=0;
 434   3                      }
 435   2              }  
 436   1              //显示转速
 437   1              scan_3=key_3;
 438   1              if(scan_3==0){
 439   2              
 440   2                      round_t=0;
 441   2                      do{
 442   3                              scan_3=key_3;
 443   3                              display_num1(t);
 444   3      
 445   3                              if(num_0<pp){
 446   4                                      mos=1;
 447   4                              }else{
 448   4                                      mos=0;
 449   4                              }
 450   3                      }while(scan_3==0);
 451   2      
 452   2      
 453   2                      if(round_t<=12){
 454   3                              display_round(pp); 
 455   3                              STANDBY=0;
 456   3                      }else{
 457   3                              choose_clock();
 458   3                      }
 459   2              }  
 460   1              //智能
 461   1              scan_4=key_4;
 462   1              if(scan_4==0){
 463   2                      delayms(5);
 464   2                      do{
 465   3                              scan_4=key_4;
 466   3                              display_num1(t);
 467   3      
 468   3                              if(num_0<pp){
 469   4                                      mos=1;
 470   4                              }else{
 471   4                                      mos=0;
 472   4                              }
 473   3      
 474   3                      }while(scan_4==0);
 475   2                      il=1;
 476   2                      STANDBY=0;
 477   2                      
 478   2              }  
 479   1      }
 480          
 481          /**********嘴吹启动*******/
 482          void month(){
 483   1              uint lm358;
 484   1      
 485   1              if(pp==0){
 486   2                      lm358=LM358;
 487   2                      if(lm358==1){
 488   3                              delayms(100);
 489   3                              lm358=LM358;
C51 COMPILER V9.01   FANDEMO                                                               12/13/2016 21:21:07 PAGE 9   

 490   3                              if(lm358==1){
 491   4                                      il=1;
 492   4                                      STANDBY=0;
 493   4                              }
 494   3                      }
 495   2              } 
 496   1      }
 497          
 498          
 499          void main(){
 500   1      
 501   1              num_0=0;
 502   1              round_t=0;
 503   1              time_num=10;
 504   1      
 505   1              pp=0;
 506   1      
 507   1              TMOD=0x01;
 508   1              TH0=(65536-10000)/256;
 509   1              TL0=(65536-10000)%256;
 510   1              EA=1;
 511   1              ET0=1;
 512   1              TR0=1;
 513   1      
 514   1              STANDBY=0;
 515   1              
 516   1              mos=0;
 517   1              LM358=0;
 518   1      
 519   1              self_check();
 520   1              
 521   1              il=0;
 522   1              t=0;
 523   1              while(1){
 524   2                 
 525   2                      tmpchange();
 526   2                      t=tmp();
 527   2                      while(t>=80.5){
 528   3                              tmpchange();
 529   3                              t=tmp();
 530   3                      }
 531   2                      display_num1(t);
 532   2                      intelligent(il);
 533   2                      month();
 534   2                      scan_2();
 535   2      
 536   2                      
 537   2                      if(num_0<pp){
 538   3                              mos=1;
 539   3                      }else{
 540   3                              mos=0;
 541   3                      }
 542   2      
 543   2                      while(STANDBY==1){
 544   3                              month();
 545   3                              scan_2();
 546   3                      }
 547   2                      
 548   2              }
 549   1      }
 550          //10ms                           
 551          void T0_time() interrupt 1{
C51 COMPILER V9.01   FANDEMO                                                               12/13/2016 21:21:07 PAGE 10  

 552   1              TH0=(65536-10000)/256;
 553   1              TL0=(65536-10000)%256;
 554   1              num_0++;
 555   1      
 556   1              if(num_0>=10){
 557   2                      num_0=0;
 558   2                      round_t++;
 559   2                      if(round_t>=1000){
 560   3                              round_t=0;
 561   3                      }
 562   2              }
 563   1      }


MODULE INFORMATION:   STATIC OVERLAYABLE
   CODE SIZE        =   2568    ----
   CONSTANT SIZE    =     52    ----
   XDATA SIZE       =   ----    ----
   PDATA SIZE       =   ----    ----
   DATA SIZE        =     18      68
   IDATA SIZE       =   ----    ----
   BIT SIZE         =   ----       2
END OF MODULE INFORMATION.


C51 COMPILATION COMPLETE.  0 WARNING(S),  0 ERROR(S)
